  Simulator.cpp
c:\users\jrobe\documents\3pisimulator\include\orangutanmotors.h(13): warning C4244: '=': conversion from 'int' to 'float', possible loss of data
c:\users\jrobe\documents\3pisimulator\include\orangutanmotors.h(14): warning C4244: '=': conversion from 'int' to 'float', possible loss of data
c:\users\jrobe\documents\3pisimulator\include\orangutanlcd.h(38): warning C4996: 'sprintf': This function or variable may be unsafe. Consider using sprintf_s instead. To disable deprecation, use _CRT_SECURE_NO_WARNINGS. See online help for details.
  c:\program files (x86)\windows kits\10\include\10.0.17134.0\ucrt\stdio.h(1774): note: see declaration of 'sprintf'
c:\users\jrobe\documents\3pisimulator\include\orangutanlcd.h(44): warning C4996: 'sprintf': This function or variable may be unsafe. Consider using sprintf_s instead. To disable deprecation, use _CRT_SECURE_NO_WARNINGS. See online help for details.
  c:\program files (x86)\windows kits\10\include\10.0.17134.0\ucrt\stdio.h(1774): note: see declaration of 'sprintf'
c:\users\jrobe\documents\3pisimulator\include\timer.h(40): warning C4244: '=': conversion from 'double' to 'int', possible loss of data
c:\users\jrobe\documents\3pisimulator\include\timer.h(52): warning C4244: '=': conversion from 'double' to 'int', possible loss of data
c:\users\jrobe\documents\3pisimulator\include\timer.h(80): warning C4244: '=': conversion from 'double' to 'int', possible loss of data
c:\users\jrobe\documents\3pisimulator\source\simulator.cpp(550): warning C4838: conversion from 'int' to 'char' requires a narrowing conversion
c:\users\jrobe\documents\3pisimulator\source\simulator.cpp(550): warning C4309: 'initializing': truncation of constant value
c:\users\jrobe\documents\3pisimulator\source\simulator.cpp(641): warning C4838: conversion from 'int' to 'char' requires a narrowing conversion
c:\users\jrobe\documents\3pisimulator\source\simulator.cpp(641): warning C4309: 'initializing': truncation of constant value
c:\users\jrobe\documents\3pisimulator\source\simulator.cpp(800): warning C4305: 'initializing': truncation from 'double' to 'float'
c:\users\jrobe\documents\3pisimulator\source\simulator.cpp(805): warning C4244: '=': conversion from 'int' to 'float', possible loss of data
c:\users\jrobe\documents\3pisimulator\source\simulator.cpp(806): warning C4244: '=': conversion from 'int' to 'float', possible loss of data
c:\users\jrobe\documents\3pisimulator\source\simulator.cpp(815): warning C4244: '=': conversion from 'double' to 'float', possible loss of data
c:\users\jrobe\documents\3pisimulator\source\simulator.cpp(818): warning C4244: '=': conversion from 'double' to 'float', possible loss of data
c:\users\jrobe\documents\3pisimulator\source\simulator.cpp(825): warning C4244: '=': conversion from 'double' to 'float', possible loss of data
c:\users\jrobe\documents\3pisimulator\source\simulator.cpp(828): warning C4244: '=': conversion from 'double' to 'float', possible loss of data
c:\users\jrobe\documents\3pisimulator\source\simulator.cpp(874): warning C4244: 'initializing': conversion from 'double' to 'float', possible loss of data
c:\users\jrobe\documents\3pisimulator\source\simulator.cpp(885): warning C4305: '=': truncation from 'double' to 'float'
c:\users\jrobe\documents\3pisimulator\source\simulator.cpp(886): warning C4305: '=': truncation from 'double' to 'float'
c:\users\jrobe\documents\3pisimulator\source\simulator.cpp(887): warning C4305: '=': truncation from 'double' to 'float'
c:\users\jrobe\documents\3pisimulator\source\simulator.cpp(888): warning C4305: '=': truncation from 'double' to 'float'
c:\users\jrobe\documents\3pisimulator\source\simulator.cpp(890): warning C4305: '=': truncation from 'double' to 'float'
c:\users\jrobe\documents\3pisimulator\source\simulator.cpp(891): warning C4305: '=': truncation from 'double' to 'float'
c:\users\jrobe\documents\3pisimulator\source\simulator.cpp(892): warning C4305: '=': truncation from 'double' to 'float'
c:\users\jrobe\documents\3pisimulator\source\simulator.cpp(893): warning C4305: '=': truncation from 'double' to 'float'
c:\users\jrobe\documents\3pisimulator\source\simulator.cpp(894): warning C4305: '=': truncation from 'double' to 'float'
c:\users\jrobe\documents\3pisimulator\source\simulator.cpp(900): warning C4244: 'argument': conversion from 'float' to 'int', possible loss of data
c:\users\jrobe\documents\3pisimulator\source\simulator.cpp(930): warning C4244: 'argument': conversion from 'float' to 'int', possible loss of data
c:\users\jrobe\documents\3pisimulator\source\simulator.cpp(938): warning C4244: 'argument': conversion from 'double' to 'float', possible loss of data
c:\users\jrobe\documents\3pisimulator\source\simulator.cpp(938): warning C4244: 'argument': conversion from 'int' to 'float', possible loss of data
c:\users\jrobe\documents\3pisimulator\source\simulator.cpp(941): warning C4244: 'argument': conversion from 'double' to 'float', possible loss of data
c:\users\jrobe\documents\3pisimulator\source\simulator.cpp(1033): warning C4244: 'argument': conversion from 'float' to 'int', possible loss of data
  3piSimulator.vcxproj -> C:\Users\jrobe\Documents\3pisimulator\x64\Debug\3piSimulator.exe
